2020-05-05T07:03:08+00:00 DEBUG 
====Stripe Version: 4.3.3====
====Start Log====
sources/src_1GfKo1F0FhACYvCDMMIs8h6D
====End Log====


2020-05-05T07:03:08+00:00 DEBUG 
====Stripe Version: 4.3.3====
====Start Log====
customers/cus_HDlxx2i1nekdJb request: Array
(
    [email] => vd@embrace-it.com
    [description] => Name: Duy Vo, Username: Duy
    [metadata] => Array
        (
        )

)

====End Log====


2020-05-05T07:03:08+00:00 DEBUG 
====Stripe Version: 4.3.3====
====Start Log====
Info: Begin processing payment for order 2306 for the amount of 1.00
====End Log====


2020-05-05T07:03:08+00:00 DEBUG 
====Stripe Version: 4.3.3====
====Start Log====
payment_intents request: Array
(
    [source] => src_1GfKo1F0FhACYvCDMMIs8h6D
    [amount] => 100
    [currency] => kes
    [description] => M-PAYG - Order 2306
    [metadata] => Array
        (
            [customer_name] => Duy Vo
            [customer_email] => vpduy84@gmail.com
            [order_id] => 2306
        )

    [capture_method] => automatic
    [payment_method_types] => Array
        (
            [0] => card
        )

    [customer] => cus_HDlxx2i1nekdJb
)

====End Log====


2020-05-05T07:03:10+00:00 DEBUG 
====Stripe Version: 4.3.3====
====Start Log====
sources/src_1GfKo1F0FhACYvCDMMIs8h6D
====End Log====


2020-05-05T07:03:10+00:00 DEBUG 
====Stripe Version: 4.3.3====
====Start Log====
customers/cus_HDlxx2i1nekdJb request: Array
(
    [email] => vd@embrace-it.com
    [description] => Name: Duy Vo, Username: Duy
    [metadata] => Array
        (
        )

)

====End Log====


2020-05-05T07:03:11+00:00 DEBUG 
====Stripe Version: 4.3.3====
====Start Log====
Info: Begin processing payment for order 2306 for the amount of 1.00
====End Log====


2020-05-05T07:03:11+00:00 DEBUG 
====Stripe Version: 4.3.3====
====Start Log====
payment_intents request: Array
(
    [source] => src_1GfKo1F0FhACYvCDMMIs8h6D
    [amount] => 100
    [currency] => kes
    [description] => M-PAYG - Order 2306
    [metadata] => Array
        (
            [customer_name] => Duy Vo
            [customer_email] => vpduy84@gmail.com
            [order_id] => 2306
        )

    [capture_method] => automatic
    [payment_method_types] => Array
        (
            [0] => card
        )

    [customer] => cus_HDlxx2i1nekdJb
)

====End Log====


2020-05-05T07:03:13+00:00 DEBUG 
====Stripe Version: 4.3.3====
====Start Log====
sources/src_1GfKo1F0FhACYvCDMMIs8h6D
====End Log====


2020-05-05T07:03:13+00:00 DEBUG 
====Stripe Version: 4.3.3====
====Start Log====
Info: Begin processing payment for order 2306 for the amount of 1.00
====End Log====


2020-05-05T07:03:13+00:00 DEBUG 
====Stripe Version: 4.3.3====
====Start Log====
payment_intents request: Array
(
    [source] => src_1GfKo1F0FhACYvCDMMIs8h6D
    [amount] => 100
    [currency] => kes
    [description] => M-PAYG - Order 2306
    [metadata] => Array
        (
            [customer_name] => Duy Vo
            [customer_email] => vpduy84@gmail.com
            [order_id] => 2306
        )

    [capture_method] => automatic
    [payment_method_types] => Array
        (
            [0] => card
        )

    [customer] => cus_HDlxx2i1nekdJb
)

====End Log====


2020-05-05T07:03:17+00:00 DEBUG 
====Stripe Version: 4.3.3====
====Start Log====
sources/src_1GfKo1F0FhACYvCDMMIs8h6D
====End Log====


2020-05-05T07:03:17+00:00 DEBUG 
====Stripe Version: 4.3.3====
====Start Log====
Info: Begin processing payment for order 2306 for the amount of 1.00
====End Log====


2020-05-05T07:03:17+00:00 DEBUG 
====Stripe Version: 4.3.3====
====Start Log====
payment_intents request: Array
(
    [source] => src_1GfKo1F0FhACYvCDMMIs8h6D
    [amount] => 100
    [currency] => kes
    [description] => M-PAYG - Order 2306
    [metadata] => Array
        (
            [customer_name] => Duy Vo
            [customer_email] => vpduy84@gmail.com
            [order_id] => 2306
        )

    [capture_method] => automatic
    [payment_method_types] => Array
        (
            [0] => card
        )

    [customer] => cus_HDlxx2i1nekdJb
)

====End Log====


2020-05-05T07:03:22+00:00 DEBUG 
====Stripe Version: 4.3.3====
====Start Log====
sources/src_1GfKo1F0FhACYvCDMMIs8h6D
====End Log====


2020-05-05T07:03:22+00:00 DEBUG 
====Stripe Version: 4.3.3====
====Start Log====
Info: Begin processing payment for order 2306 for the amount of 1.00
====End Log====


2020-05-05T07:03:22+00:00 DEBUG 
====Stripe Version: 4.3.3====
====Start Log====
payment_intents request: Array
(
    [source] => src_1GfKo1F0FhACYvCDMMIs8h6D
    [amount] => 100
    [currency] => kes
    [description] => M-PAYG - Order 2306
    [metadata] => Array
        (
            [customer_name] => Duy Vo
            [customer_email] => vpduy84@gmail.com
            [order_id] => 2306
        )

    [capture_method] => automatic
    [payment_method_types] => Array
        (
            [0] => card
        )

    [customer] => cus_HDlxx2i1nekdJb
)

====End Log====


2020-05-05T07:03:23+00:00 DEBUG 
====Stripe Version: 4.3.3====
====Start Log====
sources/src_1GfKo1F0FhACYvCDMMIs8h6D
====End Log====


2020-05-05T07:03:23+00:00 DEBUG 
====Stripe Version: 4.3.3====
====Start Log====
Info: Begin processing payment for order 2306 for the amount of 1.00
====End Log====


2020-05-05T07:03:23+00:00 DEBUG 
====Stripe Version: 4.3.3====
====Start Log====
payment_intents request: Array
(
    [source] => src_1GfKo1F0FhACYvCDMMIs8h6D
    [amount] => 100
    [currency] => kes
    [description] => M-PAYG - Order 2306
    [metadata] => Array
        (
            [customer_name] => Duy Vo
            [customer_email] => vpduy84@gmail.com
            [order_id] => 2306
        )

    [capture_method] => automatic
    [payment_method_types] => Array
        (
            [0] => card
        )

    [customer] => cus_HDlxx2i1nekdJb
)

====End Log====


2020-05-05T07:03:23+00:00 DEBUG 
====Stripe Version: 4.3.3====
====Start Log====
Error: stdClass Object
(
    [error] => stdClass Object
        (
            [code] => amount_too_small
            [doc_url] => https://stripe.com/docs/error-codes/amount-too-small
            [message] => Amount must convert to at least 50 cents. KSh1.00 converts to approximately $0.00.
            [type] => invalid_request_error
        )

)

====End Log====


2020-05-05T07:04:42+00:00 DEBUG 
====Stripe Version: 4.3.3====
====Start Log====
sources/src_1GfKpYF0FhACYvCD62EbMgsS
====End Log====


2020-05-05T07:04:43+00:00 DEBUG 
====Stripe Version: 4.3.3====
====Start Log====
customers/cus_HDlxx2i1nekdJb request: Array
(
    [email] => vd@embrace-it.com
    [description] => Name: Duy Vo, Username: Duy
    [metadata] => Array
        (
        )

)

====End Log====


2020-05-05T07:04:43+00:00 DEBUG 
====Stripe Version: 4.3.3====
====Start Log====
Info: Begin processing payment for order 2307 for the amount of 1.00
====End Log====


2020-05-05T07:04:43+00:00 DEBUG 
====Stripe Version: 4.3.3====
====Start Log====
payment_intents request: Array
(
    [source] => src_1GfKpYF0FhACYvCD62EbMgsS
    [amount] => 100
    [currency] => kes
    [description] => M-PAYG - Order 2307
    [metadata] => Array
        (
            [customer_name] => Duy Vo
            [customer_email] => vpduy84@gmail.com
            [order_id] => 2307
        )

    [capture_method] => automatic
    [payment_method_types] => Array
        (
            [0] => card
        )

    [customer] => cus_HDlxx2i1nekdJb
)

====End Log====


2020-05-05T07:04:44+00:00 DEBUG 
====Stripe Version: 4.3.3====
====Start Log====
sources/src_1GfKpYF0FhACYvCD62EbMgsS
====End Log====


2020-05-05T07:04:45+00:00 DEBUG 
====Stripe Version: 4.3.3====
====Start Log====
customers/cus_HDlxx2i1nekdJb request: Array
(
    [email] => vd@embrace-it.com
    [description] => Name: Duy Vo, Username: Duy
    [metadata] => Array
        (
        )

)

====End Log====


2020-05-05T07:04:45+00:00 DEBUG 
====Stripe Version: 4.3.3====
====Start Log====
Info: Begin processing payment for order 2307 for the amount of 1.00
====End Log====


2020-05-05T07:04:45+00:00 DEBUG 
====Stripe Version: 4.3.3====
====Start Log====
payment_intents request: Array
(
    [source] => src_1GfKpYF0FhACYvCD62EbMgsS
    [amount] => 100
    [currency] => kes
    [description] => M-PAYG - Order 2307
    [metadata] => Array
        (
            [customer_name] => Duy Vo
            [customer_email] => vpduy84@gmail.com
            [order_id] => 2307
        )

    [capture_method] => automatic
    [payment_method_types] => Array
        (
            [0] => card
        )

    [customer] => cus_HDlxx2i1nekdJb
)

====End Log====


2020-05-05T07:04:48+00:00 DEBUG 
====Stripe Version: 4.3.3====
====Start Log====
sources/src_1GfKpYF0FhACYvCD62EbMgsS
====End Log====


2020-05-05T07:04:48+00:00 DEBUG 
====Stripe Version: 4.3.3====
====Start Log====
Info: Begin processing payment for order 2307 for the amount of 1.00
====End Log====


2020-05-05T07:04:48+00:00 DEBUG 
====Stripe Version: 4.3.3====
====Start Log====
payment_intents request: Array
(
    [source] => src_1GfKpYF0FhACYvCD62EbMgsS
    [amount] => 100
    [currency] => kes
    [description] => M-PAYG - Order 2307
    [metadata] => Array
        (
            [customer_name] => Duy Vo
            [customer_email] => vpduy84@gmail.com
            [order_id] => 2307
        )

    [capture_method] => automatic
    [payment_method_types] => Array
        (
            [0] => card
        )

    [customer] => cus_HDlxx2i1nekdJb
)

====End Log====


2020-05-05T07:04:51+00:00 DEBUG 
====Stripe Version: 4.3.3====
====Start Log====
sources/src_1GfKpYF0FhACYvCD62EbMgsS
====End Log====


2020-05-05T07:04:52+00:00 DEBUG 
====Stripe Version: 4.3.3====
====Start Log====
Info: Begin processing payment for order 2307 for the amount of 1.00
====End Log====


2020-05-05T07:04:52+00:00 DEBUG 
====Stripe Version: 4.3.3====
====Start Log====
payment_intents request: Array
(
    [source] => src_1GfKpYF0FhACYvCD62EbMgsS
    [amount] => 100
    [currency] => kes
    [description] => M-PAYG - Order 2307
    [metadata] => Array
        (
            [customer_name] => Duy Vo
            [customer_email] => vpduy84@gmail.com
            [order_id] => 2307
        )

    [capture_method] => automatic
    [payment_method_types] => Array
        (
            [0] => card
        )

    [customer] => cus_HDlxx2i1nekdJb
)

====End Log====


2020-05-05T07:04:56+00:00 DEBUG 
====Stripe Version: 4.3.3====
====Start Log====
sources/src_1GfKpYF0FhACYvCD62EbMgsS
====End Log====


2020-05-05T07:04:57+00:00 DEBUG 
====Stripe Version: 4.3.3====
====Start Log====
Info: Begin processing payment for order 2307 for the amount of 1.00
====End Log====


2020-05-05T07:04:57+00:00 DEBUG 
====Stripe Version: 4.3.3====
====Start Log====
payment_intents request: Array
(
    [source] => src_1GfKpYF0FhACYvCD62EbMgsS
    [amount] => 100
    [currency] => kes
    [description] => M-PAYG - Order 2307
    [metadata] => Array
        (
            [customer_name] => Duy Vo
            [customer_email] => vpduy84@gmail.com
            [order_id] => 2307
        )

    [capture_method] => automatic
    [payment_method_types] => Array
        (
            [0] => card
        )

    [customer] => cus_HDlxx2i1nekdJb
)

====End Log====


2020-05-05T07:04:57+00:00 DEBUG 
====Stripe Version: 4.3.3====
====Start Log====
sources/src_1GfKpYF0FhACYvCD62EbMgsS
====End Log====


2020-05-05T07:04:57+00:00 DEBUG 
====Stripe Version: 4.3.3====
====Start Log====
Info: Begin processing payment for order 2307 for the amount of 1.00
====End Log====


2020-05-05T07:04:57+00:00 DEBUG 
====Stripe Version: 4.3.3====
====Start Log====
payment_intents request: Array
(
    [source] => src_1GfKpYF0FhACYvCD62EbMgsS
    [amount] => 100
    [currency] => kes
    [description] => M-PAYG - Order 2307
    [metadata] => Array
        (
            [customer_name] => Duy Vo
            [customer_email] => vpduy84@gmail.com
            [order_id] => 2307
        )

    [capture_method] => automatic
    [payment_method_types] => Array
        (
            [0] => card
        )

    [customer] => cus_HDlxx2i1nekdJb
)

====End Log====


2020-05-05T07:04:58+00:00 DEBUG 
====Stripe Version: 4.3.3====
====Start Log====
Error: stdClass Object
(
    [error] => stdClass Object
        (
            [code] => amount_too_small
            [doc_url] => https://stripe.com/docs/error-codes/amount-too-small
            [message] => Amount must convert to at least 50 cents. KSh1.00 converts to approximately $0.00.
            [type] => invalid_request_error
        )

)

====End Log====


2020-05-05T07:10:27+00:00 DEBUG 
====Stripe Version: 4.3.3====
====Start Log====
sources/src_1GfKv7F0FhACYvCDoeTAaLYI
====End Log====


2020-05-05T07:10:28+00:00 DEBUG 
====Stripe Version: 4.3.3====
====Start Log====
customers/cus_HDlxx2i1nekdJb request: Array
(
    [email] => vd@embrace-it.com
    [description] => Name: Duy Vo, Username: Duy
    [metadata] => Array
        (
        )

)

====End Log====


2020-05-05T07:10:28+00:00 DEBUG 
====Stripe Version: 4.3.3====
====Start Log====
Info: Begin processing payment for order 2307 for the amount of 1.00
====End Log====


2020-05-05T07:10:28+00:00 DEBUG 
====Stripe Version: 4.3.3====
====Start Log====
payment_intents request: Array
(
    [source] => src_1GfKv7F0FhACYvCDoeTAaLYI
    [amount] => 100
    [currency] => kes
    [description] => M-PAYG - Order 2307
    [metadata] => Array
        (
            [customer_name] => Duy Vo
            [customer_email] => vpduy84@gmail.com
            [order_id] => 2307
        )

    [capture_method] => automatic
    [payment_method_types] => Array
        (
            [0] => card
        )

    [customer] => cus_HDlxx2i1nekdJb
)

====End Log====


2020-05-05T07:10:30+00:00 DEBUG 
====Stripe Version: 4.3.3====
====Start Log====
sources/src_1GfKv7F0FhACYvCDoeTAaLYI
====End Log====


2020-05-05T07:10:30+00:00 DEBUG 
====Stripe Version: 4.3.3====
====Start Log====
customers/cus_HDlxx2i1nekdJb request: Array
(
    [email] => vd@embrace-it.com
    [description] => Name: Duy Vo, Username: Duy
    [metadata] => Array
        (
        )

)

====End Log====


2020-05-05T07:10:30+00:00 DEBUG 
====Stripe Version: 4.3.3====
====Start Log====
Info: Begin processing payment for order 2307 for the amount of 1.00
====End Log====


2020-05-05T07:10:30+00:00 DEBUG 
====Stripe Version: 4.3.3====
====Start Log====
payment_intents request: Array
(
    [source] => src_1GfKv7F0FhACYvCDoeTAaLYI
    [amount] => 100
    [currency] => kes
    [description] => M-PAYG - Order 2307
    [metadata] => Array
        (
            [customer_name] => Duy Vo
            [customer_email] => vpduy84@gmail.com
            [order_id] => 2307
        )

    [capture_method] => automatic
    [payment_method_types] => Array
        (
            [0] => card
        )

    [customer] => cus_HDlxx2i1nekdJb
)

====End Log====


2020-05-05T07:10:33+00:00 DEBUG 
====Stripe Version: 4.3.3====
====Start Log====
sources/src_1GfKv7F0FhACYvCDoeTAaLYI
====End Log====


2020-05-05T07:10:33+00:00 DEBUG 
====Stripe Version: 4.3.3====
====Start Log====
Info: Begin processing payment for order 2307 for the amount of 1.00
====End Log====


2020-05-05T07:10:33+00:00 DEBUG 
====Stripe Version: 4.3.3====
====Start Log====
payment_intents request: Array
(
    [source] => src_1GfKv7F0FhACYvCDoeTAaLYI
    [amount] => 100
    [currency] => kes
    [description] => M-PAYG - Order 2307
    [metadata] => Array
        (
            [customer_name] => Duy Vo
            [customer_email] => vpduy84@gmail.com
            [order_id] => 2307
        )

    [capture_method] => automatic
    [payment_method_types] => Array
        (
            [0] => card
        )

    [customer] => cus_HDlxx2i1nekdJb
)

====End Log====


2020-05-05T07:10:37+00:00 DEBUG 
====Stripe Version: 4.3.3====
====Start Log====
sources/src_1GfKv7F0FhACYvCDoeTAaLYI
====End Log====


2020-05-05T07:10:37+00:00 DEBUG 
====Stripe Version: 4.3.3====
====Start Log====
Info: Begin processing payment for order 2307 for the amount of 1.00
====End Log====


2020-05-05T07:10:37+00:00 DEBUG 
====Stripe Version: 4.3.3====
====Start Log====
payment_intents request: Array
(
    [source] => src_1GfKv7F0FhACYvCDoeTAaLYI
    [amount] => 100
    [currency] => kes
    [description] => M-PAYG - Order 2307
    [metadata] => Array
        (
            [customer_name] => Duy Vo
            [customer_email] => vpduy84@gmail.com
            [order_id] => 2307
        )

    [capture_method] => automatic
    [payment_method_types] => Array
        (
            [0] => card
        )

    [customer] => cus_HDlxx2i1nekdJb
)

====End Log====


2020-05-05T07:10:41+00:00 DEBUG 
====Stripe Version: 4.3.3====
====Start Log====
sources/src_1GfKv7F0FhACYvCDoeTAaLYI
====End Log====


2020-05-05T07:10:42+00:00 DEBUG 
====Stripe Version: 4.3.3====
====Start Log====
Info: Begin processing payment for order 2307 for the amount of 1.00
====End Log====


2020-05-05T07:10:42+00:00 DEBUG 
====Stripe Version: 4.3.3====
====Start Log====
payment_intents request: Array
(
    [source] => src_1GfKv7F0FhACYvCDoeTAaLYI
    [amount] => 100
    [currency] => kes
    [description] => M-PAYG - Order 2307
    [metadata] => Array
        (
            [customer_name] => Duy Vo
            [customer_email] => vpduy84@gmail.com
            [order_id] => 2307
        )

    [capture_method] => automatic
    [payment_method_types] => Array
        (
            [0] => card
        )

    [customer] => cus_HDlxx2i1nekdJb
)

====End Log====


2020-05-05T07:10:42+00:00 DEBUG 
====Stripe Version: 4.3.3====
====Start Log====
sources/src_1GfKv7F0FhACYvCDoeTAaLYI
====End Log====


2020-05-05T07:10:42+00:00 DEBUG 
====Stripe Version: 4.3.3====
====Start Log====
Info: Begin processing payment for order 2307 for the amount of 1.00
====End Log====


2020-05-05T07:10:42+00:00 DEBUG 
====Stripe Version: 4.3.3====
====Start Log====
payment_intents request: Array
(
    [source] => src_1GfKv7F0FhACYvCDoeTAaLYI
    [amount] => 100
    [currency] => kes
    [description] => M-PAYG - Order 2307
    [metadata] => Array
        (
            [customer_name] => Duy Vo
            [customer_email] => vpduy84@gmail.com
            [order_id] => 2307
        )

    [capture_method] => automatic
    [payment_method_types] => Array
        (
            [0] => card
        )

    [customer] => cus_HDlxx2i1nekdJb
)

====End Log====


2020-05-05T07:10:43+00:00 DEBUG 
====Stripe Version: 4.3.3====
====Start Log====
Error: stdClass Object
(
    [error] => stdClass Object
        (
            [code] => amount_too_small
            [doc_url] => https://stripe.com/docs/error-codes/amount-too-small
            [message] => Amount must convert to at least 50 cents. KSh1.00 converts to approximately $0.00.
            [type] => invalid_request_error
        )

)

====End Log====


2020-05-05T08:18:16+00:00 DEBUG 
====Stripe Version: 4.3.3====
====Start Log====
sources/src_1GfLyiF0FhACYvCDGTMP83VY
====End Log====


2020-05-05T08:18:16+00:00 DEBUG 
====Stripe Version: 4.3.3====
====Start Log====
customers/cus_HDlxx2i1nekdJb request: Array
(
    [email] => vd@embrace-it.com
    [description] => Name: Duy Vo, Username: Duy
    [metadata] => Array
        (
        )

)

====End Log====


2020-05-05T08:18:17+00:00 DEBUG 
====Stripe Version: 4.3.3====
====Start Log====
Info: Begin processing payment for order 2307 for the amount of 1.00
====End Log====


2020-05-05T08:18:17+00:00 DEBUG 
====Stripe Version: 4.3.3====
====Start Log====
payment_intents request: Array
(
    [source] => src_1GfLyiF0FhACYvCDGTMP83VY
    [amount] => 100
    [currency] => kes
    [description] => M-PAYG - Order 2307
    [metadata] => Array
        (
            [customer_name] => Duy Vo
            [customer_email] => vpduy84@gmail.com
            [order_id] => 2307
        )

    [capture_method] => automatic
    [payment_method_types] => Array
        (
            [0] => card
        )

    [customer] => cus_HDlxx2i1nekdJb
)

====End Log====


2020-05-05T08:18:18+00:00 DEBUG 
====Stripe Version: 4.3.3====
====Start Log====
sources/src_1GfLyiF0FhACYvCDGTMP83VY
====End Log====


2020-05-05T08:18:19+00:00 DEBUG 
====Stripe Version: 4.3.3====
====Start Log====
customers/cus_HDlxx2i1nekdJb request: Array
(
    [email] => vd@embrace-it.com
    [description] => Name: Duy Vo, Username: Duy
    [metadata] => Array
        (
        )

)

====End Log====


2020-05-05T08:18:19+00:00 DEBUG 
====Stripe Version: 4.3.3====
====Start Log====
Info: Begin processing payment for order 2307 for the amount of 1.00
====End Log====


2020-05-05T08:18:19+00:00 DEBUG 
====Stripe Version: 4.3.3====
====Start Log====
payment_intents request: Array
(
    [source] => src_1GfLyiF0FhACYvCDGTMP83VY
    [amount] => 100
    [currency] => kes
    [description] => M-PAYG - Order 2307
    [metadata] => Array
        (
            [customer_name] => Duy Vo
            [customer_email] => vpduy84@gmail.com
            [order_id] => 2307
        )

    [capture_method] => automatic
    [payment_method_types] => Array
        (
            [0] => card
        )

    [customer] => cus_HDlxx2i1nekdJb
)

====End Log====


2020-05-05T08:18:21+00:00 DEBUG 
====Stripe Version: 4.3.3====
====Start Log====
sources/src_1GfLyiF0FhACYvCDGTMP83VY
====End Log====


2020-05-05T08:18:22+00:00 DEBUG 
====Stripe Version: 4.3.3====
====Start Log====
Info: Begin processing payment for order 2307 for the amount of 1.00
====End Log====


2020-05-05T08:18:22+00:00 DEBUG 
====Stripe Version: 4.3.3====
====Start Log====
payment_intents request: Array
(
    [source] => src_1GfLyiF0FhACYvCDGTMP83VY
    [amount] => 100
    [currency] => kes
    [description] => M-PAYG - Order 2307
    [metadata] => Array
        (
            [customer_name] => Duy Vo
            [customer_email] => vpduy84@gmail.com
            [order_id] => 2307
        )

    [capture_method] => automatic
    [payment_method_types] => Array
        (
            [0] => card
        )

    [customer] => cus_HDlxx2i1nekdJb
)

====End Log====


2020-05-05T08:18:25+00:00 DEBUG 
====Stripe Version: 4.3.3====
====Start Log====
sources/src_1GfLyiF0FhACYvCDGTMP83VY
====End Log====


2020-05-05T08:18:26+00:00 DEBUG 
====Stripe Version: 4.3.3====
====Start Log====
Info: Begin processing payment for order 2307 for the amount of 1.00
====End Log====


2020-05-05T08:18:26+00:00 DEBUG 
====Stripe Version: 4.3.3====
====Start Log====
payment_intents request: Array
(
    [source] => src_1GfLyiF0FhACYvCDGTMP83VY
    [amount] => 100
    [currency] => kes
    [description] => M-PAYG - Order 2307
    [metadata] => Array
        (
            [customer_name] => Duy Vo
            [customer_email] => vpduy84@gmail.com
            [order_id] => 2307
        )

    [capture_method] => automatic
    [payment_method_types] => Array
        (
            [0] => card
        )

    [customer] => cus_HDlxx2i1nekdJb
)

====End Log====


2020-05-05T08:18:30+00:00 DEBUG 
====Stripe Version: 4.3.3====
====Start Log====
sources/src_1GfLyiF0FhACYvCDGTMP83VY
====End Log====


2020-05-05T08:18:31+00:00 DEBUG 
====Stripe Version: 4.3.3====
====Start Log====
Info: Begin processing payment for order 2307 for the amount of 1.00
====End Log====


2020-05-05T08:18:31+00:00 DEBUG 
====Stripe Version: 4.3.3====
====Start Log====
payment_intents request: Array
(
    [source] => src_1GfLyiF0FhACYvCDGTMP83VY
    [amount] => 100
    [currency] => kes
    [description] => M-PAYG - Order 2307
    [metadata] => Array
        (
            [customer_name] => Duy Vo
            [customer_email] => vpduy84@gmail.com
            [order_id] => 2307
        )

    [capture_method] => automatic
    [payment_method_types] => Array
        (
            [0] => card
        )

    [customer] => cus_HDlxx2i1nekdJb
)

====End Log====


2020-05-05T08:18:31+00:00 DEBUG 
====Stripe Version: 4.3.3====
====Start Log====
sources/src_1GfLyiF0FhACYvCDGTMP83VY
====End Log====


2020-05-05T08:18:31+00:00 DEBUG 
====Stripe Version: 4.3.3====
====Start Log====
Info: Begin processing payment for order 2307 for the amount of 1.00
====End Log====


2020-05-05T08:18:31+00:00 DEBUG 
====Stripe Version: 4.3.3====
====Start Log====
payment_intents request: Array
(
    [source] => src_1GfLyiF0FhACYvCDGTMP83VY
    [amount] => 100
    [currency] => kes
    [description] => M-PAYG - Order 2307
    [metadata] => Array
        (
            [customer_name] => Duy Vo
            [customer_email] => vpduy84@gmail.com
            [order_id] => 2307
        )

    [capture_method] => automatic
    [payment_method_types] => Array
        (
            [0] => card
        )

    [customer] => cus_HDlxx2i1nekdJb
)

====End Log====


2020-05-05T08:18:32+00:00 DEBUG 
====Stripe Version: 4.3.3====
====Start Log====
Error: stdClass Object
(
    [error] => stdClass Object
        (
            [code] => amount_too_small
            [doc_url] => https://stripe.com/docs/error-codes/amount-too-small
            [message] => Amount must convert to at least 50 cents. KSh1.00 converts to approximately $0.00.
            [type] => invalid_request_error
        )

)

====End Log====


2020-05-05T08:29:22+00:00 DEBUG 
====Stripe Version: 4.3.3====
====Start Log====
sources/src_1GfM9UF0FhACYvCDfyFQQ3Ur
====End Log====


2020-05-05T08:29:23+00:00 DEBUG 
====Stripe Version: 4.3.3====
====Start Log====
customers/cus_HDlxx2i1nekdJb request: Array
(
    [email] => vd@embrace-it.com
    [description] => Name: Duy Vo, Username: Duy
    [metadata] => Array
        (
        )

)

====End Log====


2020-05-05T08:29:23+00:00 DEBUG 
====Stripe Version: 4.3.3====
====Start Log====
Info: Begin processing payment for order 2307 for the amount of 1.00
====End Log====


2020-05-05T08:29:23+00:00 DEBUG 
====Stripe Version: 4.3.3====
====Start Log====
payment_intents request: Array
(
    [source] => src_1GfM9UF0FhACYvCDfyFQQ3Ur
    [amount] => 100
    [currency] => kes
    [description] => M-PAYG - Order 2307
    [metadata] => Array
        (
            [customer_name] => Duy Vo
            [customer_email] => vpduy84@gmail.com
            [order_id] => 2307
        )

    [capture_method] => automatic
    [payment_method_types] => Array
        (
            [0] => card
        )

    [customer] => cus_HDlxx2i1nekdJb
)

====End Log====


2020-05-05T08:29:25+00:00 DEBUG 
====Stripe Version: 4.3.3====
====Start Log====
sources/src_1GfM9UF0FhACYvCDfyFQQ3Ur
====End Log====


2020-05-05T08:29:25+00:00 DEBUG 
====Stripe Version: 4.3.3====
====Start Log====
customers/cus_HDlxx2i1nekdJb request: Array
(
    [email] => vd@embrace-it.com
    [description] => Name: Duy Vo, Username: Duy
    [metadata] => Array
        (
        )

)

====End Log====


2020-05-05T08:29:26+00:00 DEBUG 
====Stripe Version: 4.3.3====
====Start Log====
Info: Begin processing payment for order 2307 for the amount of 1.00
====End Log====


2020-05-05T08:29:26+00:00 DEBUG 
====Stripe Version: 4.3.3====
====Start Log====
payment_intents request: Array
(
    [source] => src_1GfM9UF0FhACYvCDfyFQQ3Ur
    [amount] => 100
    [currency] => kes
    [description] => M-PAYG - Order 2307
    [metadata] => Array
        (
            [customer_name] => Duy Vo
            [customer_email] => vpduy84@gmail.com
            [order_id] => 2307
        )

    [capture_method] => automatic
    [payment_method_types] => Array
        (
            [0] => card
        )

    [customer] => cus_HDlxx2i1nekdJb
)

====End Log====


2020-05-05T08:29:28+00:00 DEBUG 
====Stripe Version: 4.3.3====
====Start Log====
sources/src_1GfM9UF0FhACYvCDfyFQQ3Ur
====End Log====


2020-05-05T08:29:28+00:00 DEBUG 
====Stripe Version: 4.3.3====
====Start Log====
Info: Begin processing payment for order 2307 for the amount of 1.00
====End Log====


2020-05-05T08:29:28+00:00 DEBUG 
====Stripe Version: 4.3.3====
====Start Log====
payment_intents request: Array
(
    [source] => src_1GfM9UF0FhACYvCDfyFQQ3Ur
    [amount] => 100
    [currency] => kes
    [description] => M-PAYG - Order 2307
    [metadata] => Array
        (
            [customer_name] => Duy Vo
            [customer_email] => vpduy84@gmail.com
            [order_id] => 2307
        )

    [capture_method] => automatic
    [payment_method_types] => Array
        (
            [0] => card
        )

    [customer] => cus_HDlxx2i1nekdJb
)

====End Log====


2020-05-05T08:29:32+00:00 DEBUG 
====Stripe Version: 4.3.3====
====Start Log====
sources/src_1GfM9UF0FhACYvCDfyFQQ3Ur
====End Log====


2020-05-05T08:29:32+00:00 DEBUG 
====Stripe Version: 4.3.3====
====Start Log====
Info: Begin processing payment for order 2307 for the amount of 1.00
====End Log====


2020-05-05T08:29:32+00:00 DEBUG 
====Stripe Version: 4.3.3====
====Start Log====
payment_intents request: Array
(
    [source] => src_1GfM9UF0FhACYvCDfyFQQ3Ur
    [amount] => 100
    [currency] => kes
    [description] => M-PAYG - Order 2307
    [metadata] => Array
        (
            [customer_name] => Duy Vo
            [customer_email] => vpduy84@gmail.com
            [order_id] => 2307
        )

    [capture_method] => automatic
    [payment_method_types] => Array
        (
            [0] => card
        )

    [customer] => cus_HDlxx2i1nekdJb
)

====End Log====


2020-05-05T08:29:37+00:00 DEBUG 
====Stripe Version: 4.3.3====
====Start Log====
sources/src_1GfM9UF0FhACYvCDfyFQQ3Ur
====End Log====


2020-05-05T08:29:37+00:00 DEBUG 
====Stripe Version: 4.3.3====
====Start Log====
Info: Begin processing payment for order 2307 for the amount of 1.00
====End Log====


2020-05-05T08:29:37+00:00 DEBUG 
====Stripe Version: 4.3.3====
====Start Log====
payment_intents request: Array
(
    [source] => src_1GfM9UF0FhACYvCDfyFQQ3Ur
    [amount] => 100
    [currency] => kes
    [description] => M-PAYG - Order 2307
    [metadata] => Array
        (
            [customer_name] => Duy Vo
            [customer_email] => vpduy84@gmail.com
            [order_id] => 2307
        )

    [capture_method] => automatic
    [payment_method_types] => Array
        (
            [0] => card
        )

    [customer] => cus_HDlxx2i1nekdJb
)

====End Log====


2020-05-05T08:29:37+00:00 DEBUG 
====Stripe Version: 4.3.3====
====Start Log====
sources/src_1GfM9UF0FhACYvCDfyFQQ3Ur
====End Log====


2020-05-05T08:29:38+00:00 DEBUG 
====Stripe Version: 4.3.3====
====Start Log====
Info: Begin processing payment for order 2307 for the amount of 1.00
====End Log====


2020-05-05T08:29:38+00:00 DEBUG 
====Stripe Version: 4.3.3====
====Start Log====
payment_intents request: Array
(
    [source] => src_1GfM9UF0FhACYvCDfyFQQ3Ur
    [amount] => 100
    [currency] => kes
    [description] => M-PAYG - Order 2307
    [metadata] => Array
        (
            [customer_name] => Duy Vo
            [customer_email] => vpduy84@gmail.com
            [order_id] => 2307
        )

    [capture_method] => automatic
    [payment_method_types] => Array
        (
            [0] => card
        )

    [customer] => cus_HDlxx2i1nekdJb
)

====End Log====


2020-05-05T08:29:38+00:00 DEBUG 
====Stripe Version: 4.3.3====
====Start Log====
Error: stdClass Object
(
    [error] => stdClass Object
        (
            [code] => amount_too_small
            [doc_url] => https://stripe.com/docs/error-codes/amount-too-small
            [message] => Amount must convert to at least 50 cents. KSh1.00 converts to approximately $0.00.
            [type] => invalid_request_error
        )

)

====End Log====


2020-05-05T08:32:41+00:00 DEBUG 
====Stripe Version: 4.3.3====
====Start Log====
sources/src_1GfMCgF0FhACYvCD5lf53Udn
====End Log====


2020-05-05T08:32:41+00:00 DEBUG 
====Stripe Version: 4.3.3====
====Start Log====
customers request: Array
(
    [email] => vpduy84@gmail.com
    [description] => Name: Duy Vo, Guest
    [metadata] => Array
        (
        )

)

====End Log====


2020-05-05T08:32:42+00:00 DEBUG 
====Stripe Version: 4.3.3====
====Start Log====
Info: Begin processing payment for order 2308 for the amount of 1.00
====End Log====


2020-05-05T08:32:42+00:00 DEBUG 
====Stripe Version: 4.3.3====
====Start Log====
payment_intents request: Array
(
    [source] => src_1GfMCgF0FhACYvCD5lf53Udn
    [amount] => 100
    [currency] => kes
    [description] => M-PAYG - Order 2308
    [metadata] => Array
        (
            [customer_name] => Duy Vo
            [customer_email] => vpduy84@gmail.com
            [order_id] => 2308
        )

    [capture_method] => automatic
    [payment_method_types] => Array
        (
            [0] => card
        )

    [customer] => cus_HDno7D8rxorhuq
)

====End Log====


2020-05-05T08:32:43+00:00 DEBUG 
====Stripe Version: 4.3.3====
====Start Log====
sources/src_1GfMCgF0FhACYvCD5lf53Udn
====End Log====


2020-05-05T08:32:43+00:00 DEBUG 
====Stripe Version: 4.3.3====
====Start Log====
customers request: Array
(
    [email] => vpduy84@gmail.com
    [description] => Name: Duy Vo, Guest
    [metadata] => Array
        (
        )

)

====End Log====


2020-05-05T08:32:44+00:00 DEBUG 
====Stripe Version: 4.3.3====
====Start Log====
Info: Begin processing payment for order 2308 for the amount of 1.00
====End Log====


2020-05-05T08:32:44+00:00 DEBUG 
====Stripe Version: 4.3.3====
====Start Log====
payment_intents request: Array
(
    [source] => src_1GfMCgF0FhACYvCD5lf53Udn
    [amount] => 100
    [currency] => kes
    [description] => M-PAYG - Order 2308
    [metadata] => Array
        (
            [customer_name] => Duy Vo
            [customer_email] => vpduy84@gmail.com
            [order_id] => 2308
        )

    [capture_method] => automatic
    [payment_method_types] => Array
        (
            [0] => card
        )

    [customer] => cus_HDno4vbRcjP0zT
)

====End Log====


2020-05-05T08:32:46+00:00 DEBUG 
====Stripe Version: 4.3.3====
====Start Log====
sources/src_1GfMCgF0FhACYvCD5lf53Udn
====End Log====


2020-05-05T08:32:47+00:00 DEBUG 
====Stripe Version: 4.3.3====
====Start Log====
Info: Begin processing payment for order 2308 for the amount of 1.00
====End Log====


2020-05-05T08:32:47+00:00 DEBUG 
====Stripe Version: 4.3.3====
====Start Log====
payment_intents request: Array
(
    [source] => src_1GfMCgF0FhACYvCD5lf53Udn
    [amount] => 100
    [currency] => kes
    [description] => M-PAYG - Order 2308
    [metadata] => Array
        (
            [customer_name] => Duy Vo
            [customer_email] => vpduy84@gmail.com
            [order_id] => 2308
        )

    [capture_method] => automatic
    [payment_method_types] => Array
        (
            [0] => card
        )

    [customer] => cus_HDno4vbRcjP0zT
)

====End Log====


2020-05-05T08:32:50+00:00 DEBUG 
====Stripe Version: 4.3.3====
====Start Log====
sources/src_1GfMCgF0FhACYvCD5lf53Udn
====End Log====


2020-05-05T08:32:51+00:00 DEBUG 
====Stripe Version: 4.3.3====
====Start Log====
Info: Begin processing payment for order 2308 for the amount of 1.00
====End Log====


2020-05-05T08:32:51+00:00 DEBUG 
====Stripe Version: 4.3.3====
====Start Log====
payment_intents request: Array
(
    [source] => src_1GfMCgF0FhACYvCD5lf53Udn
    [amount] => 100
    [currency] => kes
    [description] => M-PAYG - Order 2308
    [metadata] => Array
        (
            [customer_name] => Duy Vo
            [customer_email] => vpduy84@gmail.com
            [order_id] => 2308
        )

    [capture_method] => automatic
    [payment_method_types] => Array
        (
            [0] => card
        )

    [customer] => cus_HDno4vbRcjP0zT
)

====End Log====


2020-05-05T08:32:55+00:00 DEBUG 
====Stripe Version: 4.3.3====
====Start Log====
sources/src_1GfMCgF0FhACYvCD5lf53Udn
====End Log====


2020-05-05T08:32:55+00:00 DEBUG 
====Stripe Version: 4.3.3====
====Start Log====
Info: Begin processing payment for order 2308 for the amount of 1.00
====End Log====


2020-05-05T08:32:55+00:00 DEBUG 
====Stripe Version: 4.3.3====
====Start Log====
payment_intents request: Array
(
    [source] => src_1GfMCgF0FhACYvCD5lf53Udn
    [amount] => 100
    [currency] => kes
    [description] => M-PAYG - Order 2308
    [metadata] => Array
        (
            [customer_name] => Duy Vo
            [customer_email] => vpduy84@gmail.com
            [order_id] => 2308
        )

    [capture_method] => automatic
    [payment_method_types] => Array
        (
            [0] => card
        )

    [customer] => cus_HDno4vbRcjP0zT
)

====End Log====


2020-05-05T08:32:56+00:00 DEBUG 
====Stripe Version: 4.3.3====
====Start Log====
sources/src_1GfMCgF0FhACYvCD5lf53Udn
====End Log====


2020-05-05T08:32:56+00:00 DEBUG 
====Stripe Version: 4.3.3====
====Start Log====
Info: Begin processing payment for order 2308 for the amount of 1.00
====End Log====


2020-05-05T08:32:56+00:00 DEBUG 
====Stripe Version: 4.3.3====
====Start Log====
payment_intents request: Array
(
    [source] => src_1GfMCgF0FhACYvCD5lf53Udn
    [amount] => 100
    [currency] => kes
    [description] => M-PAYG - Order 2308
    [metadata] => Array
        (
            [customer_name] => Duy Vo
            [customer_email] => vpduy84@gmail.com
            [order_id] => 2308
        )

    [capture_method] => automatic
    [payment_method_types] => Array
        (
            [0] => card
        )

    [customer] => cus_HDno4vbRcjP0zT
)

====End Log====


2020-05-05T08:32:57+00:00 DEBUG 
====Stripe Version: 4.3.3====
====Start Log====
Error: stdClass Object
(
    [error] => stdClass Object
        (
            [code] => amount_too_small
            [doc_url] => https://stripe.com/docs/error-codes/amount-too-small
            [message] => Amount must convert to at least 50 cents. KSh1.00 converts to approximately $0.00.
            [type] => invalid_request_error
        )

)

====End Log====


2020-05-05T08:35:15+00:00 DEBUG 
====Stripe Version: 4.3.3====
====Start Log====
sources/src_1GfMFBF0FhACYvCDHc1h5YQj
====End Log====


2020-05-05T08:35:15+00:00 DEBUG 
====Stripe Version: 4.3.3====
====Start Log====
customers/cus_HDlxx2i1nekdJb request: Array
(
    [email] => vd@embrace-it.com
    [description] => Name: Duy Vo, Username: Duy
    [metadata] => Array
        (
        )

)

====End Log====


2020-05-05T08:35:16+00:00 DEBUG 
====Stripe Version: 4.3.3====
====Start Log====
Info: Begin processing payment for order 2309 for the amount of 1.00
====End Log====


2020-05-05T08:35:16+00:00 DEBUG 
====Stripe Version: 4.3.3====
====Start Log====
payment_intents request: Array
(
    [source] => src_1GfMFBF0FhACYvCDHc1h5YQj
    [amount] => 100
    [currency] => kes
    [description] => M-PAYG - Order 2309
    [metadata] => Array
        (
            [customer_name] => Duy Vo
            [customer_email] => vpduy84@gmail.com
            [order_id] => 2309
        )

    [capture_method] => automatic
    [payment_method_types] => Array
        (
            [0] => card
        )

    [customer] => cus_HDlxx2i1nekdJb
)

====End Log====


2020-05-05T08:35:17+00:00 DEBUG 
====Stripe Version: 4.3.3====
====Start Log====
sources/src_1GfMFBF0FhACYvCDHc1h5YQj
====End Log====


2020-05-05T08:35:18+00:00 DEBUG 
====Stripe Version: 4.3.3====
====Start Log====
customers/cus_HDlxx2i1nekdJb request: Array
(
    [email] => vd@embrace-it.com
    [description] => Name: Duy Vo, Username: Duy
    [metadata] => Array
        (
        )

)

====End Log====


2020-05-05T08:35:18+00:00 DEBUG 
====Stripe Version: 4.3.3====
====Start Log====
Info: Begin processing payment for order 2309 for the amount of 1.00
====End Log====


2020-05-05T08:35:18+00:00 DEBUG 
====Stripe Version: 4.3.3====
====Start Log====
payment_intents request: Array
(
    [source] => src_1GfMFBF0FhACYvCDHc1h5YQj
    [amount] => 100
    [currency] => kes
    [description] => M-PAYG - Order 2309
    [metadata] => Array
        (
            [customer_name] => Duy Vo
            [customer_email] => vpduy84@gmail.com
            [order_id] => 2309
        )

    [capture_method] => automatic
    [payment_method_types] => Array
        (
            [0] => card
        )

    [customer] => cus_HDlxx2i1nekdJb
)

====End Log====


2020-05-05T08:35:20+00:00 DEBUG 
====Stripe Version: 4.3.3====
====Start Log====
sources/src_1GfMFBF0FhACYvCDHc1h5YQj
====End Log====


2020-05-05T08:35:21+00:00 DEBUG 
====Stripe Version: 4.3.3====
====Start Log====
Info: Begin processing payment for order 2309 for the amount of 1.00
====End Log====


2020-05-05T08:35:21+00:00 DEBUG 
====Stripe Version: 4.3.3====
====Start Log====
payment_intents request: Array
(
    [source] => src_1GfMFBF0FhACYvCDHc1h5YQj
    [amount] => 100
    [currency] => kes
    [description] => M-PAYG - Order 2309
    [metadata] => Array
        (
            [customer_name] => Duy Vo
            [customer_email] => vpduy84@gmail.com
            [order_id] => 2309
        )

    [capture_method] => automatic
    [payment_method_types] => Array
        (
            [0] => card
        )

    [customer] => cus_HDlxx2i1nekdJb
)

====End Log====


2020-05-05T08:35:24+00:00 DEBUG 
====Stripe Version: 4.3.3====
====Start Log====
sources/src_1GfMFBF0FhACYvCDHc1h5YQj
====End Log====


2020-05-05T08:35:25+00:00 DEBUG 
====Stripe Version: 4.3.3====
====Start Log====
Info: Begin processing payment for order 2309 for the amount of 1.00
====End Log====


2020-05-05T08:35:25+00:00 DEBUG 
====Stripe Version: 4.3.3====
====Start Log====
payment_intents request: Array
(
    [source] => src_1GfMFBF0FhACYvCDHc1h5YQj
    [amount] => 100
    [currency] => kes
    [description] => M-PAYG - Order 2309
    [metadata] => Array
        (
            [customer_name] => Duy Vo
            [customer_email] => vpduy84@gmail.com
            [order_id] => 2309
        )

    [capture_method] => automatic
    [payment_method_types] => Array
        (
            [0] => card
        )

    [customer] => cus_HDlxx2i1nekdJb
)

====End Log====


2020-05-05T08:35:29+00:00 DEBUG 
====Stripe Version: 4.3.3====
====Start Log====
sources/src_1GfMFBF0FhACYvCDHc1h5YQj
====End Log====


2020-05-05T08:35:29+00:00 DEBUG 
====Stripe Version: 4.3.3====
====Start Log====
Info: Begin processing payment for order 2309 for the amount of 1.00
====End Log====


2020-05-05T08:35:29+00:00 DEBUG 
====Stripe Version: 4.3.3====
====Start Log====
payment_intents request: Array
(
    [source] => src_1GfMFBF0FhACYvCDHc1h5YQj
    [amount] => 100
    [currency] => kes
    [description] => M-PAYG - Order 2309
    [metadata] => Array
        (
            [customer_name] => Duy Vo
            [customer_email] => vpduy84@gmail.com
            [order_id] => 2309
        )

    [capture_method] => automatic
    [payment_method_types] => Array
        (
            [0] => card
        )

    [customer] => cus_HDlxx2i1nekdJb
)

====End Log====


2020-05-05T08:35:30+00:00 DEBUG 
====Stripe Version: 4.3.3====
====Start Log====
sources/src_1GfMFBF0FhACYvCDHc1h5YQj
====End Log====


2020-05-05T08:35:30+00:00 DEBUG 
====Stripe Version: 4.3.3====
====Start Log====
Info: Begin processing payment for order 2309 for the amount of 1.00
====End Log====


2020-05-05T08:35:30+00:00 DEBUG 
====Stripe Version: 4.3.3====
====Start Log====
payment_intents request: Array
(
    [source] => src_1GfMFBF0FhACYvCDHc1h5YQj
    [amount] => 100
    [currency] => kes
    [description] => M-PAYG - Order 2309
    [metadata] => Array
        (
            [customer_name] => Duy Vo
            [customer_email] => vpduy84@gmail.com
            [order_id] => 2309
        )

    [capture_method] => automatic
    [payment_method_types] => Array
        (
            [0] => card
        )

    [customer] => cus_HDlxx2i1nekdJb
)

====End Log====


2020-05-05T08:35:31+00:00 DEBUG 
====Stripe Version: 4.3.3====
====Start Log====
Error: stdClass Object
(
    [error] => stdClass Object
        (
            [code] => amount_too_small
            [doc_url] => https://stripe.com/docs/error-codes/amount-too-small
            [message] => Amount must convert to at least 50 cents. KSh1.00 converts to approximately $0.00.
            [type] => invalid_request_error
        )

)

====End Log====


2020-05-05T08:36:30+00:00 DEBUG 
====Stripe Version: 4.3.3====
====Start Log====
sources/src_1GfMGOF0FhACYvCDmbSsAaVp
====End Log====


2020-05-05T08:36:30+00:00 DEBUG 
====Stripe Version: 4.3.3====
====Start Log====
customers/cus_HDlxx2i1nekdJb request: Array
(
    [email] => vd@embrace-it.com
    [description] => Name: Duy Vo, Username: Duy
    [metadata] => Array
        (
        )

)

====End Log====


2020-05-05T08:36:31+00:00 DEBUG 
====Stripe Version: 4.3.3====
====Start Log====
Info: Begin processing payment for order 2309 for the amount of 1.00
====End Log====


2020-05-05T08:36:31+00:00 DEBUG 
====Stripe Version: 4.3.3====
====Start Log====
payment_intents request: Array
(
    [source] => src_1GfMGOF0FhACYvCDmbSsAaVp
    [amount] => 100
    [currency] => kes
    [description] => M-PAYG - Order 2309
    [metadata] => Array
        (
            [customer_name] => Duy Vo
            [customer_email] => vpduy84@gmail.com
            [order_id] => 2309
        )

    [capture_method] => automatic
    [payment_method_types] => Array
        (
            [0] => card
        )

    [customer] => cus_HDlxx2i1nekdJb
)

====End Log====


2020-05-05T08:36:32+00:00 DEBUG 
====Stripe Version: 4.3.3====
====Start Log====
sources/src_1GfMGOF0FhACYvCDmbSsAaVp
====End Log====


2020-05-05T08:36:32+00:00 DEBUG 
====Stripe Version: 4.3.3====
====Start Log====
customers/cus_HDlxx2i1nekdJb request: Array
(
    [email] => vd@embrace-it.com
    [description] => Name: Duy Vo, Username: Duy
    [metadata] => Array
        (
        )

)

====End Log====


2020-05-05T08:36:33+00:00 DEBUG 
====Stripe Version: 4.3.3====
====Start Log====
Info: Begin processing payment for order 2309 for the amount of 1.00
====End Log====


2020-05-05T08:36:33+00:00 DEBUG 
====Stripe Version: 4.3.3====
====Start Log====
payment_intents request: Array
(
    [source] => src_1GfMGOF0FhACYvCDmbSsAaVp
    [amount] => 100
    [currency] => kes
    [description] => M-PAYG - Order 2309
    [metadata] => Array
        (
            [customer_name] => Duy Vo
            [customer_email] => vpduy84@gmail.com
            [order_id] => 2309
        )

    [capture_method] => automatic
    [payment_method_types] => Array
        (
            [0] => card
        )

    [customer] => cus_HDlxx2i1nekdJb
)

====End Log====


2020-05-05T08:36:35+00:00 DEBUG 
====Stripe Version: 4.3.3====
====Start Log====
sources/src_1GfMGOF0FhACYvCDmbSsAaVp
====End Log====


2020-05-05T08:36:36+00:00 DEBUG 
====Stripe Version: 4.3.3====
====Start Log====
Info: Begin processing payment for order 2309 for the amount of 1.00
====End Log====


2020-05-05T08:36:36+00:00 DEBUG 
====Stripe Version: 4.3.3====
====Start Log====
payment_intents request: Array
(
    [source] => src_1GfMGOF0FhACYvCDmbSsAaVp
    [amount] => 100
    [currency] => kes
    [description] => M-PAYG - Order 2309
    [metadata] => Array
        (
            [customer_name] => Duy Vo
            [customer_email] => vpduy84@gmail.com
            [order_id] => 2309
        )

    [capture_method] => automatic
    [payment_method_types] => Array
        (
            [0] => card
        )

    [customer] => cus_HDlxx2i1nekdJb
)

====End Log====


2020-05-05T08:36:39+00:00 DEBUG 
====Stripe Version: 4.3.3====
====Start Log====
sources/src_1GfMGOF0FhACYvCDmbSsAaVp
====End Log====


2020-05-05T08:36:39+00:00 DEBUG 
====Stripe Version: 4.3.3====
====Start Log====
Info: Begin processing payment for order 2309 for the amount of 1.00
====End Log====


2020-05-05T08:36:39+00:00 DEBUG 
====Stripe Version: 4.3.3====
====Start Log====
payment_intents request: Array
(
    [source] => src_1GfMGOF0FhACYvCDmbSsAaVp
    [amount] => 100
    [currency] => kes
    [description] => M-PAYG - Order 2309
    [metadata] => Array
        (
            [customer_name] => Duy Vo
            [customer_email] => vpduy84@gmail.com
            [order_id] => 2309
        )

    [capture_method] => automatic
    [payment_method_types] => Array
        (
            [0] => card
        )

    [customer] => cus_HDlxx2i1nekdJb
)

====End Log====


2020-05-05T08:36:44+00:00 DEBUG 
====Stripe Version: 4.3.3====
====Start Log====
sources/src_1GfMGOF0FhACYvCDmbSsAaVp
====End Log====


2020-05-05T08:36:44+00:00 DEBUG 
====Stripe Version: 4.3.3====
====Start Log====
Info: Begin processing payment for order 2309 for the amount of 1.00
====End Log====


2020-05-05T08:36:44+00:00 DEBUG 
====Stripe Version: 4.3.3====
====Start Log====
payment_intents request: Array
(
    [source] => src_1GfMGOF0FhACYvCDmbSsAaVp
    [amount] => 100
    [currency] => kes
    [description] => M-PAYG - Order 2309
    [metadata] => Array
        (
            [customer_name] => Duy Vo
            [customer_email] => vpduy84@gmail.com
            [order_id] => 2309
        )

    [capture_method] => automatic
    [payment_method_types] => Array
        (
            [0] => card
        )

    [customer] => cus_HDlxx2i1nekdJb
)

====End Log====


2020-05-05T08:36:45+00:00 DEBUG 
====Stripe Version: 4.3.3====
====Start Log====
sources/src_1GfMGOF0FhACYvCDmbSsAaVp
====End Log====


2020-05-05T08:36:45+00:00 DEBUG 
====Stripe Version: 4.3.3====
====Start Log====
Info: Begin processing payment for order 2309 for the amount of 1.00
====End Log====


2020-05-05T08:36:45+00:00 DEBUG 
====Stripe Version: 4.3.3====
====Start Log====
payment_intents request: Array
(
    [source] => src_1GfMGOF0FhACYvCDmbSsAaVp
    [amount] => 100
    [currency] => kes
    [description] => M-PAYG - Order 2309
    [metadata] => Array
        (
            [customer_name] => Duy Vo
            [customer_email] => vpduy84@gmail.com
            [order_id] => 2309
        )

    [capture_method] => automatic
    [payment_method_types] => Array
        (
            [0] => card
        )

    [customer] => cus_HDlxx2i1nekdJb
)

====End Log====


2020-05-05T08:36:46+00:00 DEBUG 
====Stripe Version: 4.3.3====
====Start Log====
Error: stdClass Object
(
    [error] => stdClass Object
        (
            [code] => amount_too_small
            [doc_url] => https://stripe.com/docs/error-codes/amount-too-small
            [message] => Amount must convert to at least 50 cents. KSh1.00 converts to approximately $0.00.
            [type] => invalid_request_error
        )

)

====End Log====


2020-05-05T08:37:03+00:00 DEBUG 
====Stripe Version: 4.3.3====
====Start Log====
sources/src_1GfMGvF0FhACYvCDyGV8SpG5
====End Log====


2020-05-05T08:37:04+00:00 DEBUG 
====Stripe Version: 4.3.3====
====Start Log====
customers/cus_HDlxx2i1nekdJb request: Array
(
    [email] => vd@embrace-it.com
    [description] => Name: Duy Vo, Username: Duy
    [metadata] => Array
        (
        )

)

====End Log====


2020-05-05T08:37:04+00:00 DEBUG 
====Stripe Version: 4.3.3====
====Start Log====
Info: Begin processing payment for order 2309 for the amount of 1.00
====End Log====


2020-05-05T08:37:04+00:00 DEBUG 
====Stripe Version: 4.3.3====
====Start Log====
payment_intents request: Array
(
    [source] => src_1GfMGvF0FhACYvCDyGV8SpG5
    [amount] => 100
    [currency] => kes
    [description] => M-PAYG - Order 2309
    [metadata] => Array
        (
            [customer_name] => Duy Vo
            [customer_email] => vpduy84@gmail.com
            [order_id] => 2309
        )

    [capture_method] => automatic
    [payment_method_types] => Array
        (
            [0] => card
        )

    [customer] => cus_HDlxx2i1nekdJb
)

====End Log====


2020-05-05T08:37:05+00:00 DEBUG 
====Stripe Version: 4.3.3====
====Start Log====
sources/src_1GfMGvF0FhACYvCDyGV8SpG5
====End Log====


2020-05-05T08:37:06+00:00 DEBUG 
====Stripe Version: 4.3.3====
====Start Log====
customers/cus_HDlxx2i1nekdJb request: Array
(
    [email] => vd@embrace-it.com
    [description] => Name: Duy Vo, Username: Duy
    [metadata] => Array
        (
        )

)

====End Log====


2020-05-05T08:37:06+00:00 DEBUG 
====Stripe Version: 4.3.3====
====Start Log====
Info: Begin processing payment for order 2309 for the amount of 1.00
====End Log====


2020-05-05T08:37:06+00:00 DEBUG 
====Stripe Version: 4.3.3====
====Start Log====
payment_intents request: Array
(
    [source] => src_1GfMGvF0FhACYvCDyGV8SpG5
    [amount] => 100
    [currency] => kes
    [description] => M-PAYG - Order 2309
    [metadata] => Array
        (
            [customer_name] => Duy Vo
            [customer_email] => vpduy84@gmail.com
            [order_id] => 2309
        )

    [capture_method] => automatic
    [payment_method_types] => Array
        (
            [0] => card
        )

    [customer] => cus_HDlxx2i1nekdJb
)

====End Log====


2020-05-05T08:37:08+00:00 DEBUG 
====Stripe Version: 4.3.3====
====Start Log====
sources/src_1GfMGvF0FhACYvCDyGV8SpG5
====End Log====


2020-05-05T08:37:09+00:00 DEBUG 
====Stripe Version: 4.3.3====
====Start Log====
Info: Begin processing payment for order 2309 for the amount of 1.00
====End Log====


2020-05-05T08:37:09+00:00 DEBUG 
====Stripe Version: 4.3.3====
====Start Log====
payment_intents request: Array
(
    [source] => src_1GfMGvF0FhACYvCDyGV8SpG5
    [amount] => 100
    [currency] => kes
    [description] => M-PAYG - Order 2309
    [metadata] => Array
        (
            [customer_name] => Duy Vo
            [customer_email] => vpduy84@gmail.com
            [order_id] => 2309
        )

    [capture_method] => automatic
    [payment_method_types] => Array
        (
            [0] => card
        )

    [customer] => cus_HDlxx2i1nekdJb
)

====End Log====


2020-05-05T08:37:12+00:00 DEBUG 
====Stripe Version: 4.3.3====
====Start Log====
sources/src_1GfMGvF0FhACYvCDyGV8SpG5
====End Log====


2020-05-05T08:37:13+00:00 DEBUG 
====Stripe Version: 4.3.3====
====Start Log====
Info: Begin processing payment for order 2309 for the amount of 1.00
====End Log====


2020-05-05T08:37:13+00:00 DEBUG 
====Stripe Version: 4.3.3====
====Start Log====
payment_intents request: Array
(
    [source] => src_1GfMGvF0FhACYvCDyGV8SpG5
    [amount] => 100
    [currency] => kes
    [description] => M-PAYG - Order 2309
    [metadata] => Array
        (
            [customer_name] => Duy Vo
            [customer_email] => vpduy84@gmail.com
            [order_id] => 2309
        )

    [capture_method] => automatic
    [payment_method_types] => Array
        (
            [0] => card
        )

    [customer] => cus_HDlxx2i1nekdJb
)

====End Log====


2020-05-05T08:37:17+00:00 DEBUG 
====Stripe Version: 4.3.3====
====Start Log====
sources/src_1GfMGvF0FhACYvCDyGV8SpG5
====End Log====


2020-05-05T08:37:18+00:00 DEBUG 
====Stripe Version: 4.3.3====
====Start Log====
Info: Begin processing payment for order 2309 for the amount of 1.00
====End Log====


2020-05-05T08:37:18+00:00 DEBUG 
====Stripe Version: 4.3.3====
====Start Log====
payment_intents request: Array
(
    [source] => src_1GfMGvF0FhACYvCDyGV8SpG5
    [amount] => 100
    [currency] => kes
    [description] => M-PAYG - Order 2309
    [metadata] => Array
        (
            [customer_name] => Duy Vo
            [customer_email] => vpduy84@gmail.com
            [order_id] => 2309
        )

    [capture_method] => automatic
    [payment_method_types] => Array
        (
            [0] => card
        )

    [customer] => cus_HDlxx2i1nekdJb
)

====End Log====


2020-05-05T08:37:18+00:00 DEBUG 
====Stripe Version: 4.3.3====
====Start Log====
sources/src_1GfMGvF0FhACYvCDyGV8SpG5
====End Log====


2020-05-05T08:37:19+00:00 DEBUG 
====Stripe Version: 4.3.3====
====Start Log====
Info: Begin processing payment for order 2309 for the amount of 1.00
====End Log====


2020-05-05T08:37:19+00:00 DEBUG 
====Stripe Version: 4.3.3====
====Start Log====
payment_intents request: Array
(
    [source] => src_1GfMGvF0FhACYvCDyGV8SpG5
    [amount] => 100
    [currency] => kes
    [description] => M-PAYG - Order 2309
    [metadata] => Array
        (
            [customer_name] => Duy Vo
            [customer_email] => vpduy84@gmail.com
            [order_id] => 2309
        )

    [capture_method] => automatic
    [payment_method_types] => Array
        (
            [0] => card
        )

    [customer] => cus_HDlxx2i1nekdJb
)

====End Log====


2020-05-05T08:37:19+00:00 DEBUG 
====Stripe Version: 4.3.3====
====Start Log====
Error: stdClass Object
(
    [error] => stdClass Object
        (
            [code] => amount_too_small
            [doc_url] => https://stripe.com/docs/error-codes/amount-too-small
            [message] => Amount must convert to at least 50 cents. KSh1.00 converts to approximately $0.00.
            [type] => invalid_request_error
        )

)

====End Log====


2020-05-05T08:38:13+00:00 DEBUG 
====Stripe Version: 4.3.3====
====Start Log====
sources/src_1GfMI3F0FhACYvCDy6c1vYT1
====End Log====


2020-05-05T08:38:13+00:00 DEBUG 
====Stripe Version: 4.3.3====
====Start Log====
customers/cus_HDlxx2i1nekdJb request: Array
(
    [email] => vd@embrace-it.com
    [description] => Name: Duy Vo, Username: Duy
    [metadata] => Array
        (
        )

)

====End Log====


2020-05-05T08:38:14+00:00 DEBUG 
====Stripe Version: 4.3.3====
====Start Log====
Info: Begin processing payment for order 2309 for the amount of 1.00
====End Log====


2020-05-05T08:38:14+00:00 DEBUG 
====Stripe Version: 4.3.3====
====Start Log====
payment_intents request: Array
(
    [source] => src_1GfMI3F0FhACYvCDy6c1vYT1
    [amount] => 100
    [currency] => kes
    [description] => M-PAYG - Order 2309
    [metadata] => Array
        (
            [customer_name] => Duy Vo
            [customer_email] => vpduy84@gmail.com
            [order_id] => 2309
        )

    [capture_method] => automatic
    [payment_method_types] => Array
        (
            [0] => card
        )

    [customer] => cus_HDlxx2i1nekdJb
)

====End Log====


2020-05-05T08:38:15+00:00 DEBUG 
====Stripe Version: 4.3.3====
====Start Log====
sources/src_1GfMI3F0FhACYvCDy6c1vYT1
====End Log====


2020-05-05T08:38:15+00:00 DEBUG 
====Stripe Version: 4.3.3====
====Start Log====
customers/cus_HDlxx2i1nekdJb request: Array
(
    [email] => vd@embrace-it.com
    [description] => Name: Duy Vo, Username: Duy
    [metadata] => Array
        (
        )

)

====End Log====


2020-05-05T08:38:16+00:00 DEBUG 
====Stripe Version: 4.3.3====
====Start Log====
Info: Begin processing payment for order 2309 for the amount of 1.00
====End Log====


2020-05-05T08:38:16+00:00 DEBUG 
====Stripe Version: 4.3.3====
====Start Log====
payment_intents request: Array
(
    [source] => src_1GfMI3F0FhACYvCDy6c1vYT1
    [amount] => 100
    [currency] => kes
    [description] => M-PAYG - Order 2309
    [metadata] => Array
        (
            [customer_name] => Duy Vo
            [customer_email] => vpduy84@gmail.com
            [order_id] => 2309
        )

    [capture_method] => automatic
    [payment_method_types] => Array
        (
            [0] => card
        )

    [customer] => cus_HDlxx2i1nekdJb
)

====End Log====


2020-05-05T08:38:18+00:00 DEBUG 
====Stripe Version: 4.3.3====
====Start Log====
sources/src_1GfMI3F0FhACYvCDy6c1vYT1
====End Log====


2020-05-05T08:38:19+00:00 DEBUG 
====Stripe Version: 4.3.3====
====Start Log====
Info: Begin processing payment for order 2309 for the amount of 1.00
====End Log====


2020-05-05T08:38:19+00:00 DEBUG 
====Stripe Version: 4.3.3====
====Start Log====
payment_intents request: Array
(
    [source] => src_1GfMI3F0FhACYvCDy6c1vYT1
    [amount] => 100
    [currency] => kes
    [description] => M-PAYG - Order 2309
    [metadata] => Array
        (
            [customer_name] => Duy Vo
            [customer_email] => vpduy84@gmail.com
            [order_id] => 2309
        )

    [capture_method] => automatic
    [payment_method_types] => Array
        (
            [0] => card
        )

    [customer] => cus_HDlxx2i1nekdJb
)

====End Log====


2020-05-05T08:38:22+00:00 DEBUG 
====Stripe Version: 4.3.3====
====Start Log====
sources/src_1GfMI3F0FhACYvCDy6c1vYT1
====End Log====


2020-05-05T08:38:23+00:00 DEBUG 
====Stripe Version: 4.3.3====
====Start Log====
Info: Begin processing payment for order 2309 for the amount of 1.00
====End Log====


2020-05-05T08:38:23+00:00 DEBUG 
====Stripe Version: 4.3.3====
====Start Log====
payment_intents request: Array
(
    [source] => src_1GfMI3F0FhACYvCDy6c1vYT1
    [amount] => 100
    [currency] => kes
    [description] => M-PAYG - Order 2309
    [metadata] => Array
        (
            [customer_name] => Duy Vo
            [customer_email] => vpduy84@gmail.com
            [order_id] => 2309
        )

    [capture_method] => automatic
    [payment_method_types] => Array
        (
            [0] => card
        )

    [customer] => cus_HDlxx2i1nekdJb
)

====End Log====


2020-05-05T08:38:27+00:00 DEBUG 
====Stripe Version: 4.3.3====
====Start Log====
sources/src_1GfMI3F0FhACYvCDy6c1vYT1
====End Log====


2020-05-05T08:38:27+00:00 DEBUG 
====Stripe Version: 4.3.3====
====Start Log====
Info: Begin processing payment for order 2309 for the amount of 1.00
====End Log====


2020-05-05T08:38:27+00:00 DEBUG 
====Stripe Version: 4.3.3====
====Start Log====
payment_intents request: Array
(
    [source] => src_1GfMI3F0FhACYvCDy6c1vYT1
    [amount] => 100
    [currency] => kes
    [description] => M-PAYG - Order 2309
    [metadata] => Array
        (
            [customer_name] => Duy Vo
            [customer_email] => vpduy84@gmail.com
            [order_id] => 2309
        )

    [capture_method] => automatic
    [payment_method_types] => Array
        (
            [0] => card
        )

    [customer] => cus_HDlxx2i1nekdJb
)

====End Log====


2020-05-05T08:38:28+00:00 DEBUG 
====Stripe Version: 4.3.3====
====Start Log====
sources/src_1GfMI3F0FhACYvCDy6c1vYT1
====End Log====


2020-05-05T08:38:28+00:00 DEBUG 
====Stripe Version: 4.3.3====
====Start Log====
Info: Begin processing payment for order 2309 for the amount of 1.00
====End Log====


2020-05-05T08:38:28+00:00 DEBUG 
====Stripe Version: 4.3.3====
====Start Log====
payment_intents request: Array
(
    [source] => src_1GfMI3F0FhACYvCDy6c1vYT1
    [amount] => 100
    [currency] => kes
    [description] => M-PAYG - Order 2309
    [metadata] => Array
        (
            [customer_name] => Duy Vo
            [customer_email] => vpduy84@gmail.com
            [order_id] => 2309
        )

    [capture_method] => automatic
    [payment_method_types] => Array
        (
            [0] => card
        )

    [customer] => cus_HDlxx2i1nekdJb
)

====End Log====


2020-05-05T08:38:29+00:00 DEBUG 
====Stripe Version: 4.3.3====
====Start Log====
Error: stdClass Object
(
    [error] => stdClass Object
        (
            [code] => amount_too_small
            [doc_url] => https://stripe.com/docs/error-codes/amount-too-small
            [message] => Amount must convert to at least 50 cents. KSh1.00 converts to approximately $0.00.
            [type] => invalid_request_error
        )

)

====End Log====


2020-05-05T08:39:40+00:00 DEBUG 
====Stripe Version: 4.3.3====
====Start Log====
sources/src_1GfMJSF0FhACYvCDezQk3ObC
====End Log====


2020-05-05T08:39:41+00:00 DEBUG 
====Stripe Version: 4.3.3====
====Start Log====
customers/cus_HDlxx2i1nekdJb request: Array
(
    [email] => vd@embrace-it.com
    [description] => Name: Duy Vo, Username: Duy
    [metadata] => Array
        (
        )

)

====End Log====


2020-05-05T08:39:41+00:00 DEBUG 
====Stripe Version: 4.3.3====
====Start Log====
Info: Begin processing payment for order 2309 for the amount of 1.00
====End Log====


2020-05-05T08:39:41+00:00 DEBUG 
====Stripe Version: 4.3.3====
====Start Log====
payment_intents request: Array
(
    [source] => src_1GfMJSF0FhACYvCDezQk3ObC
    [amount] => 100
    [currency] => kes
    [description] => M-PAYG - Order 2309
    [metadata] => Array
        (
            [customer_name] => Duy Vo
            [customer_email] => vpduy84@gmail.com
            [order_id] => 2309
        )

    [capture_method] => automatic
    [payment_method_types] => Array
        (
            [0] => card
        )

    [customer] => cus_HDlxx2i1nekdJb
)

====End Log====


2020-05-05T08:39:43+00:00 DEBUG 
====Stripe Version: 4.3.3====
====Start Log====
sources/src_1GfMJSF0FhACYvCDezQk3ObC
====End Log====


2020-05-05T08:39:43+00:00 DEBUG 
====Stripe Version: 4.3.3====
====Start Log====
customers/cus_HDlxx2i1nekdJb request: Array
(
    [email] => vd@embrace-it.com
    [description] => Name: Duy Vo, Username: Duy
    [metadata] => Array
        (
        )

)

====End Log====


2020-05-05T08:39:44+00:00 DEBUG 
====Stripe Version: 4.3.3====
====Start Log====
Info: Begin processing payment for order 2309 for the amount of 1.00
====End Log====


2020-05-05T08:39:44+00:00 DEBUG 
====Stripe Version: 4.3.3====
====Start Log====
payment_intents request: Array
(
    [source] => src_1GfMJSF0FhACYvCDezQk3ObC
    [amount] => 100
    [currency] => kes
    [description] => M-PAYG - Order 2309
    [metadata] => Array
        (
            [customer_name] => Duy Vo
            [customer_email] => vpduy84@gmail.com
            [order_id] => 2309
        )

    [capture_method] => automatic
    [payment_method_types] => Array
        (
            [0] => card
        )

    [customer] => cus_HDlxx2i1nekdJb
)

====End Log====


2020-05-05T08:39:46+00:00 DEBUG 
====Stripe Version: 4.3.3====
====Start Log====
sources/src_1GfMJSF0FhACYvCDezQk3ObC
====End Log====


2020-05-05T08:39:46+00:00 DEBUG 
====Stripe Version: 4.3.3====
====Start Log====
Info: Begin processing payment for order 2309 for the amount of 1.00
====End Log====


2020-05-05T08:39:46+00:00 DEBUG 
====Stripe Version: 4.3.3====
====Start Log====
payment_intents request: Array
(
    [source] => src_1GfMJSF0FhACYvCDezQk3ObC
    [amount] => 100
    [currency] => kes
    [description] => M-PAYG - Order 2309
    [metadata] => Array
        (
            [customer_name] => Duy Vo
            [customer_email] => vpduy84@gmail.com
            [order_id] => 2309
        )

    [capture_method] => automatic
    [payment_method_types] => Array
        (
            [0] => card
        )

    [customer] => cus_HDlxx2i1nekdJb
)

====End Log====


2020-05-05T08:39:50+00:00 DEBUG 
====Stripe Version: 4.3.3====
====Start Log====
sources/src_1GfMJSF0FhACYvCDezQk3ObC
====End Log====


2020-05-05T08:39:50+00:00 DEBUG 
====Stripe Version: 4.3.3====
====Start Log====
Info: Begin processing payment for order 2309 for the amount of 1.00
====End Log====


2020-05-05T08:39:50+00:00 DEBUG 
====Stripe Version: 4.3.3====
====Start Log====
payment_intents request: Array
(
    [source] => src_1GfMJSF0FhACYvCDezQk3ObC
    [amount] => 100
    [currency] => kes
    [description] => M-PAYG - Order 2309
    [metadata] => Array
        (
            [customer_name] => Duy Vo
            [customer_email] => vpduy84@gmail.com
            [order_id] => 2309
        )

    [capture_method] => automatic
    [payment_method_types] => Array
        (
            [0] => card
        )

    [customer] => cus_HDlxx2i1nekdJb
)

====End Log====


2020-05-05T08:39:55+00:00 DEBUG 
====Stripe Version: 4.3.3====
====Start Log====
sources/src_1GfMJSF0FhACYvCDezQk3ObC
====End Log====


2020-05-05T08:39:55+00:00 DEBUG 
====Stripe Version: 4.3.3====
====Start Log====
Info: Begin processing payment for order 2309 for the amount of 1.00
====End Log====


2020-05-05T08:39:55+00:00 DEBUG 
====Stripe Version: 4.3.3====
====Start Log====
payment_intents request: Array
(
    [source] => src_1GfMJSF0FhACYvCDezQk3ObC
    [amount] => 100
    [currency] => kes
    [description] => M-PAYG - Order 2309
    [metadata] => Array
        (
            [customer_name] => Duy Vo
            [customer_email] => vpduy84@gmail.com
            [order_id] => 2309
        )

    [capture_method] => automatic
    [payment_method_types] => Array
        (
            [0] => card
        )

    [customer] => cus_HDlxx2i1nekdJb
)

====End Log====


2020-05-05T08:39:55+00:00 DEBUG 
====Stripe Version: 4.3.3====
====Start Log====
sources/src_1GfMJSF0FhACYvCDezQk3ObC
====End Log====


2020-05-05T08:39:56+00:00 DEBUG 
====Stripe Version: 4.3.3====
====Start Log====
Info: Begin processing payment for order 2309 for the amount of 1.00
====End Log====


2020-05-05T08:39:56+00:00 DEBUG 
====Stripe Version: 4.3.3====
====Start Log====
payment_intents request: Array
(
    [source] => src_1GfMJSF0FhACYvCDezQk3ObC
    [amount] => 100
    [currency] => kes
    [description] => M-PAYG - Order 2309
    [metadata] => Array
        (
            [customer_name] => Duy Vo
            [customer_email] => vpduy84@gmail.com
            [order_id] => 2309
        )

    [capture_method] => automatic
    [payment_method_types] => Array
        (
            [0] => card
        )

    [customer] => cus_HDlxx2i1nekdJb
)

====End Log====


2020-05-05T08:39:56+00:00 DEBUG 
====Stripe Version: 4.3.3====
====Start Log====
Error: stdClass Object
(
    [error] => stdClass Object
        (
            [code] => amount_too_small
            [doc_url] => https://stripe.com/docs/error-codes/amount-too-small
            [message] => Amount must convert to at least 50 cents. KSh1.00 converts to approximately $0.00.
            [type] => invalid_request_error
        )

)

====End Log====


2020-05-05T08:42:24+00:00 DEBUG 
====Stripe Version: 4.3.3====
====Start Log====
sources/src_1GfMM6F0FhACYvCDpQ7uy2aF
====End Log====


2020-05-05T08:42:24+00:00 DEBUG 
====Stripe Version: 4.3.3====
====Start Log====
customers/cus_HDlxx2i1nekdJb request: Array
(
    [email] => vd@embrace-it.com
    [description] => Name: Duy Vo, Username: Duy
    [metadata] => Array
        (
        )

)

====End Log====


2020-05-05T08:42:25+00:00 DEBUG 
====Stripe Version: 4.3.3====
====Start Log====
Info: Begin processing payment for order 2309 for the amount of 1.00
====End Log====


2020-05-05T08:42:25+00:00 DEBUG 
====Stripe Version: 4.3.3====
====Start Log====
payment_intents request: Array
(
    [source] => src_1GfMM6F0FhACYvCDpQ7uy2aF
    [amount] => 100
    [currency] => kes
    [description] => M-PAYG - Order 2309
    [metadata] => Array
        (
            [customer_name] => Duy Vo
            [customer_email] => vpduy84@gmail.com
            [order_id] => 2309
        )

    [capture_method] => automatic
    [payment_method_types] => Array
        (
            [0] => card
        )

    [customer] => cus_HDlxx2i1nekdJb
)

====End Log====


2020-05-05T08:42:26+00:00 DEBUG 
====Stripe Version: 4.3.3====
====Start Log====
sources/src_1GfMM6F0FhACYvCDpQ7uy2aF
====End Log====


2020-05-05T08:42:26+00:00 DEBUG 
====Stripe Version: 4.3.3====
====Start Log====
customers/cus_HDlxx2i1nekdJb request: Array
(
    [email] => vd@embrace-it.com
    [description] => Name: Duy Vo, Username: Duy
    [metadata] => Array
        (
        )

)

====End Log====


2020-05-05T08:42:27+00:00 DEBUG 
====Stripe Version: 4.3.3====
====Start Log====
Info: Begin processing payment for order 2309 for the amount of 1.00
====End Log====


2020-05-05T08:42:27+00:00 DEBUG 
====Stripe Version: 4.3.3====
====Start Log====
payment_intents request: Array
(
    [source] => src_1GfMM6F0FhACYvCDpQ7uy2aF
    [amount] => 100
    [currency] => kes
    [description] => M-PAYG - Order 2309
    [metadata] => Array
        (
            [customer_name] => Duy Vo
            [customer_email] => vpduy84@gmail.com
            [order_id] => 2309
        )

    [capture_method] => automatic
    [payment_method_types] => Array
        (
            [0] => card
        )

    [customer] => cus_HDlxx2i1nekdJb
)

====End Log====


2020-05-05T08:42:29+00:00 DEBUG 
====Stripe Version: 4.3.3====
====Start Log====
sources/src_1GfMM6F0FhACYvCDpQ7uy2aF
====End Log====


2020-05-05T08:42:30+00:00 DEBUG 
====Stripe Version: 4.3.3====
====Start Log====
Info: Begin processing payment for order 2309 for the amount of 1.00
====End Log====


2020-05-05T08:42:30+00:00 DEBUG 
====Stripe Version: 4.3.3====
====Start Log====
payment_intents request: Array
(
    [source] => src_1GfMM6F0FhACYvCDpQ7uy2aF
    [amount] => 100
    [currency] => kes
    [description] => M-PAYG - Order 2309
    [metadata] => Array
        (
            [customer_name] => Duy Vo
            [customer_email] => vpduy84@gmail.com
            [order_id] => 2309
        )

    [capture_method] => automatic
    [payment_method_types] => Array
        (
            [0] => card
        )

    [customer] => cus_HDlxx2i1nekdJb
)

====End Log====


2020-05-05T08:42:33+00:00 DEBUG 
====Stripe Version: 4.3.3====
====Start Log====
sources/src_1GfMM6F0FhACYvCDpQ7uy2aF
====End Log====


2020-05-05T08:42:34+00:00 DEBUG 
====Stripe Version: 4.3.3====
====Start Log====
Info: Begin processing payment for order 2309 for the amount of 1.00
====End Log====


2020-05-05T08:42:34+00:00 DEBUG 
====Stripe Version: 4.3.3====
====Start Log====
payment_intents request: Array
(
    [source] => src_1GfMM6F0FhACYvCDpQ7uy2aF
    [amount] => 100
    [currency] => kes
    [description] => M-PAYG - Order 2309
    [metadata] => Array
        (
            [customer_name] => Duy Vo
            [customer_email] => vpduy84@gmail.com
            [order_id] => 2309
        )

    [capture_method] => automatic
    [payment_method_types] => Array
        (
            [0] => card
        )

    [customer] => cus_HDlxx2i1nekdJb
)

====End Log====


2020-05-05T08:42:38+00:00 DEBUG 
====Stripe Version: 4.3.3====
====Start Log====
sources/src_1GfMM6F0FhACYvCDpQ7uy2aF
====End Log====


2020-05-05T08:42:38+00:00 DEBUG 
====Stripe Version: 4.3.3====
====Start Log====
Info: Begin processing payment for order 2309 for the amount of 1.00
====End Log====


2020-05-05T08:42:38+00:00 DEBUG 
====Stripe Version: 4.3.3====
====Start Log====
payment_intents request: Array
(
    [source] => src_1GfMM6F0FhACYvCDpQ7uy2aF
    [amount] => 100
    [currency] => kes
    [description] => M-PAYG - Order 2309
    [metadata] => Array
        (
            [customer_name] => Duy Vo
            [customer_email] => vpduy84@gmail.com
            [order_id] => 2309
        )

    [capture_method] => automatic
    [payment_method_types] => Array
        (
            [0] => card
        )

    [customer] => cus_HDlxx2i1nekdJb
)

====End Log====


2020-05-05T08:42:39+00:00 DEBUG 
====Stripe Version: 4.3.3====
====Start Log====
sources/src_1GfMM6F0FhACYvCDpQ7uy2aF
====End Log====


2020-05-05T08:42:39+00:00 DEBUG 
====Stripe Version: 4.3.3====
====Start Log====
Info: Begin processing payment for order 2309 for the amount of 1.00
====End Log====


2020-05-05T08:42:39+00:00 DEBUG 
====Stripe Version: 4.3.3====
====Start Log====
payment_intents request: Array
(
    [source] => src_1GfMM6F0FhACYvCDpQ7uy2aF
    [amount] => 100
    [currency] => kes
    [description] => M-PAYG - Order 2309
    [metadata] => Array
        (
            [customer_name] => Duy Vo
            [customer_email] => vpduy84@gmail.com
            [order_id] => 2309
        )

    [capture_method] => automatic
    [payment_method_types] => Array
        (
            [0] => card
        )

    [customer] => cus_HDlxx2i1nekdJb
)

====End Log====


2020-05-05T08:42:40+00:00 DEBUG 
====Stripe Version: 4.3.3====
====Start Log====
Error: stdClass Object
(
    [error] => stdClass Object
        (
            [code] => amount_too_small
            [doc_url] => https://stripe.com/docs/error-codes/amount-too-small
            [message] => Amount must convert to at least 50 cents. KSh1.00 converts to approximately $0.00.
            [type] => invalid_request_error
        )

)

====End Log====


2020-05-05T08:43:34+00:00 DEBUG 
====Stripe Version: 4.3.3====
====Start Log====
sources/src_1GfMNDF0FhACYvCDTslv2CsH
====End Log====


2020-05-05T08:43:34+00:00 DEBUG 
====Stripe Version: 4.3.3====
====Start Log====
customers/cus_HDlxx2i1nekdJb request: Array
(
    [email] => vd@embrace-it.com
    [description] => Name: Duy Vo, Username: Duy
    [metadata] => Array
        (
        )

)

====End Log====


2020-05-05T08:43:35+00:00 DEBUG 
====Stripe Version: 4.3.3====
====Start Log====
Info: Begin processing payment for order 2309 for the amount of 1.00
====End Log====


2020-05-05T08:43:35+00:00 DEBUG 
====Stripe Version: 4.3.3====
====Start Log====
payment_intents request: Array
(
    [source] => src_1GfMNDF0FhACYvCDTslv2CsH
    [amount] => 100
    [currency] => kes
    [description] => M-PAYG - Order 2309
    [metadata] => Array
        (
            [customer_name] => Duy Vo
            [customer_email] => vpduy84@gmail.com
            [order_id] => 2309
        )

    [capture_method] => automatic
    [payment_method_types] => Array
        (
            [0] => card
        )

    [customer] => cus_HDlxx2i1nekdJb
)

====End Log====


2020-05-05T08:43:36+00:00 DEBUG 
====Stripe Version: 4.3.3====
====Start Log====
sources/src_1GfMNDF0FhACYvCDTslv2CsH
====End Log====


2020-05-05T08:43:36+00:00 DEBUG 
====Stripe Version: 4.3.3====
====Start Log====
customers/cus_HDlxx2i1nekdJb request: Array
(
    [email] => vd@embrace-it.com
    [description] => Name: Duy Vo, Username: Duy
    [metadata] => Array
        (
        )

)

====End Log====


2020-05-05T08:43:37+00:00 DEBUG 
====Stripe Version: 4.3.3====
====Start Log====
Info: Begin processing payment for order 2309 for the amount of 1.00
====End Log====


2020-05-05T08:43:37+00:00 DEBUG 
====Stripe Version: 4.3.3====
====Start Log====
payment_intents request: Array
(
    [source] => src_1GfMNDF0FhACYvCDTslv2CsH
    [amount] => 100
    [currency] => kes
    [description] => M-PAYG - Order 2309
    [metadata] => Array
        (
            [customer_name] => Duy Vo
            [customer_email] => vpduy84@gmail.com
            [order_id] => 2309
        )

    [capture_method] => automatic
    [payment_method_types] => Array
        (
            [0] => card
        )

    [customer] => cus_HDlxx2i1nekdJb
)

====End Log====


2020-05-05T08:43:39+00:00 DEBUG 
====Stripe Version: 4.3.3====
====Start Log====
sources/src_1GfMNDF0FhACYvCDTslv2CsH
====End Log====


2020-05-05T08:43:40+00:00 DEBUG 
====Stripe Version: 4.3.3====
====Start Log====
Info: Begin processing payment for order 2309 for the amount of 1.00
====End Log====


2020-05-05T08:43:40+00:00 DEBUG 
====Stripe Version: 4.3.3====
====Start Log====
payment_intents request: Array
(
    [source] => src_1GfMNDF0FhACYvCDTslv2CsH
    [amount] => 100
    [currency] => kes
    [description] => M-PAYG - Order 2309
    [metadata] => Array
        (
            [customer_name] => Duy Vo
            [customer_email] => vpduy84@gmail.com
            [order_id] => 2309
        )

    [capture_method] => automatic
    [payment_method_types] => Array
        (
            [0] => card
        )

    [customer] => cus_HDlxx2i1nekdJb
)

====End Log====


2020-05-05T08:43:43+00:00 DEBUG 
====Stripe Version: 4.3.3====
====Start Log====
sources/src_1GfMNDF0FhACYvCDTslv2CsH
====End Log====


2020-05-05T08:43:43+00:00 DEBUG 
====Stripe Version: 4.3.3====
====Start Log====
Info: Begin processing payment for order 2309 for the amount of 1.00
====End Log====


2020-05-05T08:43:43+00:00 DEBUG 
====Stripe Version: 4.3.3====
====Start Log====
payment_intents request: Array
(
    [source] => src_1GfMNDF0FhACYvCDTslv2CsH
    [amount] => 100
    [currency] => kes
    [description] => M-PAYG - Order 2309
    [metadata] => Array
        (
            [customer_name] => Duy Vo
            [customer_email] => vpduy84@gmail.com
            [order_id] => 2309
        )

    [capture_method] => automatic
    [payment_method_types] => Array
        (
            [0] => card
        )

    [customer] => cus_HDlxx2i1nekdJb
)

====End Log====


2020-05-05T08:43:48+00:00 DEBUG 
====Stripe Version: 4.3.3====
====Start Log====
sources/src_1GfMNDF0FhACYvCDTslv2CsH
====End Log====


2020-05-05T08:43:48+00:00 DEBUG 
====Stripe Version: 4.3.3====
====Start Log====
Info: Begin processing payment for order 2309 for the amount of 1.00
====End Log====


2020-05-05T08:43:48+00:00 DEBUG 
====Stripe Version: 4.3.3====
====Start Log====
payment_intents request: Array
(
    [source] => src_1GfMNDF0FhACYvCDTslv2CsH
    [amount] => 100
    [currency] => kes
    [description] => M-PAYG - Order 2309
    [metadata] => Array
        (
            [customer_name] => Duy Vo
            [customer_email] => vpduy84@gmail.com
            [order_id] => 2309
        )

    [capture_method] => automatic
    [payment_method_types] => Array
        (
            [0] => card
        )

    [customer] => cus_HDlxx2i1nekdJb
)

====End Log====


2020-05-05T08:43:49+00:00 DEBUG 
====Stripe Version: 4.3.3====
====Start Log====
sources/src_1GfMNDF0FhACYvCDTslv2CsH
====End Log====


2020-05-05T08:43:49+00:00 DEBUG 
====Stripe Version: 4.3.3====
====Start Log====
Info: Begin processing payment for order 2309 for the amount of 1.00
====End Log====


2020-05-05T08:43:49+00:00 DEBUG 
====Stripe Version: 4.3.3====
====Start Log====
payment_intents request: Array
(
    [source] => src_1GfMNDF0FhACYvCDTslv2CsH
    [amount] => 100
    [currency] => kes
    [description] => M-PAYG - Order 2309
    [metadata] => Array
        (
            [customer_name] => Duy Vo
            [customer_email] => vpduy84@gmail.com
            [order_id] => 2309
        )

    [capture_method] => automatic
    [payment_method_types] => Array
        (
            [0] => card
        )

    [customer] => cus_HDlxx2i1nekdJb
)

====End Log====


2020-05-05T08:43:50+00:00 DEBUG 
====Stripe Version: 4.3.3====
====Start Log====
Error: stdClass Object
(
    [error] => stdClass Object
        (
            [code] => amount_too_small
            [doc_url] => https://stripe.com/docs/error-codes/amount-too-small
            [message] => Amount must convert to at least 50 cents. KSh1.00 converts to approximately $0.00.
            [type] => invalid_request_error
        )

)

====End Log====


2020-05-05T08:50:01+00:00 DEBUG 
====Stripe Version: 4.3.3====
====Start Log====
sources/src_1GfMTSF0FhACYvCDDLYxOUXd
====End Log====


2020-05-05T08:50:02+00:00 DEBUG 
====Stripe Version: 4.3.3====
====Start Log====
customers/cus_HDlxx2i1nekdJb request: Array
(
    [email] => vd@embrace-it.com
    [description] => Name: Duy Vo, Username: Duy
    [metadata] => Array
        (
        )

)

====End Log====


2020-05-05T08:50:02+00:00 DEBUG 
====Stripe Version: 4.3.3====
====Start Log====
Info: Begin processing payment for order 2309 for the amount of 1.00
====End Log====


2020-05-05T08:50:02+00:00 DEBUG 
====Stripe Version: 4.3.3====
====Start Log====
payment_intents request: Array
(
    [source] => src_1GfMTSF0FhACYvCDDLYxOUXd
    [amount] => 100
    [currency] => kes
    [description] => M-PAYG - Order 2309
    [metadata] => Array
        (
            [customer_name] => Duy Vo
            [customer_email] => vpduy84@gmail.com
            [order_id] => 2309
        )

    [capture_method] => automatic
    [payment_method_types] => Array
        (
            [0] => card
        )

    [customer] => cus_HDlxx2i1nekdJb
)

====End Log====


2020-05-05T08:50:04+00:00 DEBUG 
====Stripe Version: 4.3.3====
====Start Log====
sources/src_1GfMTSF0FhACYvCDDLYxOUXd
====End Log====


2020-05-05T08:50:04+00:00 DEBUG 
====Stripe Version: 4.3.3====
====Start Log====
customers/cus_HDlxx2i1nekdJb request: Array
(
    [email] => vd@embrace-it.com
    [description] => Name: Duy Vo, Username: Duy
    [metadata] => Array
        (
        )

)

====End Log====


2020-05-05T08:50:04+00:00 DEBUG 
====Stripe Version: 4.3.3====
====Start Log====
Info: Begin processing payment for order 2309 for the amount of 1.00
====End Log====


2020-05-05T08:50:04+00:00 DEBUG 
====Stripe Version: 4.3.3====
====Start Log====
payment_intents request: Array
(
    [source] => src_1GfMTSF0FhACYvCDDLYxOUXd
    [amount] => 100
    [currency] => kes
    [description] => M-PAYG - Order 2309
    [metadata] => Array
        (
            [customer_name] => Duy Vo
            [customer_email] => vpduy84@gmail.com
            [order_id] => 2309
        )

    [capture_method] => automatic
    [payment_method_types] => Array
        (
            [0] => card
        )

    [customer] => cus_HDlxx2i1nekdJb
)

====End Log====


2020-05-05T08:50:07+00:00 DEBUG 
====Stripe Version: 4.3.3====
====Start Log====
sources/src_1GfMTSF0FhACYvCDDLYxOUXd
====End Log====


2020-05-05T08:50:07+00:00 DEBUG 
====Stripe Version: 4.3.3====
====Start Log====
Info: Begin processing payment for order 2309 for the amount of 1.00
====End Log====


2020-05-05T08:50:07+00:00 DEBUG 
====Stripe Version: 4.3.3====
====Start Log====
payment_intents request: Array
(
    [source] => src_1GfMTSF0FhACYvCDDLYxOUXd
    [amount] => 100
    [currency] => kes
    [description] => M-PAYG - Order 2309
    [metadata] => Array
        (
            [customer_name] => Duy Vo
            [customer_email] => vpduy84@gmail.com
            [order_id] => 2309
        )

    [capture_method] => automatic
    [payment_method_types] => Array
        (
            [0] => card
        )

    [customer] => cus_HDlxx2i1nekdJb
)

====End Log====


2020-05-05T08:50:11+00:00 DEBUG 
====Stripe Version: 4.3.3====
====Start Log====
sources/src_1GfMTSF0FhACYvCDDLYxOUXd
====End Log====


2020-05-05T08:50:11+00:00 DEBUG 
====Stripe Version: 4.3.3====
====Start Log====
Info: Begin processing payment for order 2309 for the amount of 1.00
====End Log====


2020-05-05T08:50:11+00:00 DEBUG 
====Stripe Version: 4.3.3====
====Start Log====
payment_intents request: Array
(
    [source] => src_1GfMTSF0FhACYvCDDLYxOUXd
    [amount] => 100
    [currency] => kes
    [description] => M-PAYG - Order 2309
    [metadata] => Array
        (
            [customer_name] => Duy Vo
            [customer_email] => vpduy84@gmail.com
            [order_id] => 2309
        )

    [capture_method] => automatic
    [payment_method_types] => Array
        (
            [0] => card
        )

    [customer] => cus_HDlxx2i1nekdJb
)

====End Log====


2020-05-05T08:50:16+00:00 DEBUG 
====Stripe Version: 4.3.3====
====Start Log====
sources/src_1GfMTSF0FhACYvCDDLYxOUXd
====End Log====


2020-05-05T08:50:16+00:00 DEBUG 
====Stripe Version: 4.3.3====
====Start Log====
Info: Begin processing payment for order 2309 for the amount of 1.00
====End Log====


2020-05-05T08:50:16+00:00 DEBUG 
====Stripe Version: 4.3.3====
====Start Log====
payment_intents request: Array
(
    [source] => src_1GfMTSF0FhACYvCDDLYxOUXd
    [amount] => 100
    [currency] => kes
    [description] => M-PAYG - Order 2309
    [metadata] => Array
        (
            [customer_name] => Duy Vo
            [customer_email] => vpduy84@gmail.com
            [order_id] => 2309
        )

    [capture_method] => automatic
    [payment_method_types] => Array
        (
            [0] => card
        )

    [customer] => cus_HDlxx2i1nekdJb
)

====End Log====


2020-05-05T08:50:16+00:00 DEBUG 
====Stripe Version: 4.3.3====
====Start Log====
sources/src_1GfMTSF0FhACYvCDDLYxOUXd
====End Log====


2020-05-05T08:50:17+00:00 DEBUG 
====Stripe Version: 4.3.3====
====Start Log====
Info: Begin processing payment for order 2309 for the amount of 1.00
====End Log====


2020-05-05T08:50:17+00:00 DEBUG 
====Stripe Version: 4.3.3====
====Start Log====
payment_intents request: Array
(
    [source] => src_1GfMTSF0FhACYvCDDLYxOUXd
    [amount] => 100
    [currency] => kes
    [description] => M-PAYG - Order 2309
    [metadata] => Array
        (
            [customer_name] => Duy Vo
            [customer_email] => vpduy84@gmail.com
            [order_id] => 2309
        )

    [capture_method] => automatic
    [payment_method_types] => Array
        (
            [0] => card
        )

    [customer] => cus_HDlxx2i1nekdJb
)

====End Log====


2020-05-05T08:50:17+00:00 DEBUG 
====Stripe Version: 4.3.3====
====Start Log====
Error: stdClass Object
(
    [error] => stdClass Object
        (
            [code] => amount_too_small
            [doc_url] => https://stripe.com/docs/error-codes/amount-too-small
            [message] => Amount must convert to at least 50 cents. KSh1.00 converts to approximately $0.00.
            [type] => invalid_request_error
        )

)

====End Log====


